<?xml version="1.0" encoding="UTF-8"?>
<!-- Generated by org.testng.reporters.JUnitReportReporter -->
<testsuite hostname="INDELNB1101" failures="0" tests="2" name="com.testng.demo.TestNGDemo1" time="0.012" errors="0" timestamp="2023-11-01T12:34:02 IST" skipped="0">
  <testcase classname="com.testng.demo.TestNGDemo1" name="demoTestb" time="0.002"/>
  <testcase classname="com.testng.demo.TestNGDemo1" name="demoTesta" time="0.010"/>
</testsuite> <!-- com.testng.demo.TestNGDemo1 -->
