<?xml version="1.0" encoding="UTF-8"?>
<!-- Generated by org.testng.reporters.JUnitReportReporter -->
<testsuite hostname="INDELNB1101" failures="0" tests="2" name="com.testng.demo.TestNGDemo1" time="0.021" errors="0" timestamp="2023-11-01T10:12:56 IST" skipped="0">
  <testcase classname="com.testng.demo.TestNGDemo1" name="DemoTest2" time="0.006"/>
  <testcase classname="com.testng.demo.TestNGDemo1" name="DemoTest" time="0.015"/>
</testsuite> <!-- com.testng.demo.TestNGDemo1 -->
