<?xml version="1.0" encoding="UTF-8"?>
<!-- Generated by org.testng.reporters.JUnitReportReporter -->
<testsuite hostname="INDELNB1101" failures="0" tests="2" name="com.testng.demo.TestNGDemo2" time="0.003" errors="0" timestamp="2023-10-31T13:26:04 IST" skipped="0">
  <testcase classname="com.testng.demo.TestNGDemo2" name="demoTest21" time="0.001"/>
  <testcase classname="com.testng.demo.TestNGDemo2" name="demoTest22" time="0.002"/>
</testsuite> <!-- com.testng.demo.TestNGDemo2 -->
