<?xml version="1.0" encoding="UTF-8"?>
<!-- Generated by org.testng.reporters.JUnitReportReporter -->
<testsuite hostname="INDELNB1101" failures="0" tests="1" name="com.testng.demo.TestNGDemo1" time="0.010" errors="0" timestamp="2023-10-31T13:26:04 IST" skipped="0">
  <testcase classname="com.testng.demo.TestNGDemo1" name="demoTest11" time="0.010"/>
</testsuite> <!-- com.testng.demo.TestNGDemo1 -->
