<?xml version="1.0" encoding="UTF-8"?>
<!-- Generated by org.testng.reporters.JUnitReportReporter -->
<testsuite hostname="INDELNB1101" failures="0" tests="2" name="com.testng.demo.TestNGDemo1" time="0.010" errors="0" timestamp="2023-10-31T13:03:57 IST" skipped="0">
  <testcase classname="com.testng.demo.TestNGDemo1" name="DemoTest2" time="0.002"/>
  <testcase classname="com.testng.demo.TestNGDemo1" name="DemoTest" time="0.008"/>
</testsuite> <!-- com.testng.demo.TestNGDemo1 -->
