<?xml version="1.0" encoding="UTF-8"?>
<!-- Generated by org.testng.reporters.JUnitReportReporter -->
<testsuite hostname="INDELNB1101" failures="0" tests="3" name="com.testng.demo.TestNGDemo2" time="0.002" errors="0" timestamp="2023-10-31T13:03:57 IST" skipped="0">
  <testcase classname="com.testng.demo.TestNGDemo2" name="DemoTest3" time="0.001"/>
  <testcase classname="com.testng.demo.TestNGDemo2" name="DemoTest5" time="0.000"/>
  <testcase classname="com.testng.demo.TestNGDemo2" name="DemoTest4" time="0.001"/>
</testsuite> <!-- com.testng.demo.TestNGDemo2 -->
