<?xml version="1.0" encoding="UTF-8"?>
<!-- Generated by org.testng.reporters.JUnitReportReporter -->
<testsuite hostname="INDELNB1101" failures="0" tests="5" name="com.testng.demo.TestNGDemo1" time="0.048" errors="0" timestamp="2023-11-01T02:21:46 IST" skipped="0">
  <testcase classname="com.testng.demo.TestNGDemo1" name="demoTeste" time="0.004"/>
  <testcase classname="com.testng.demo.TestNGDemo1" name="demoTestb" time="0.002"/>
  <testcase classname="com.testng.demo.TestNGDemo1" name="demoTestc" time="0.018"/>
  <testcase classname="com.testng.demo.TestNGDemo1" name="demoTesta" time="0.004"/>
  <testcase classname="com.testng.demo.TestNGDemo1" name="demoTestd" time="0.020"/>
</testsuite> <!-- com.testng.demo.TestNGDemo1 -->
