<?xml version="1.0" encoding="UTF-8"?>
<!-- Generated by org.testng.reporters.JUnitReportReporter -->
<testsuite hostname="INDELNB1101" failures="0" tests="2" name="com.testng.demo.TestNGDemo1" time="0.015" errors="0" timestamp="2023-11-01T01:09:47 IST" skipped="0">
  <testcase classname="com.testng.demo.TestNGDemo1" name="demoTest11" time="0.012"/>
  <testcase classname="com.testng.demo.TestNGDemo1" name="demoTest12" time="0.003"/>
</testsuite> <!-- com.testng.demo.TestNGDemo1 -->
