<?xml version="1.0" encoding="UTF-8"?>
<!-- Generated by org.testng.reporters.JUnitReportReporter -->
<testsuite hostname="INDELNB1101" failures="0" tests="1" name="com.testng.demo.TestNGDemo3" time="0.003" errors="0" timestamp="2023-11-01T01:09:58 IST" skipped="0">
  <testcase classname="com.testng.demo.TestNGDemo3" name="demoTest33" time="0.003"/>
</testsuite> <!-- com.testng.demo.TestNGDemo3 -->
