<?xml version="1.0" encoding="UTF-8"?>
<!-- Generated by org.testng.reporters.JUnitReportReporter -->
<testsuite hostname="INDELNB1101" failures="0" tests="2" name="com.testng.demo.TestNGDemo1" time="0.009" errors="0" timestamp="2023-10-31T15:05:35 IST" skipped="0">
  <testcase classname="com.testng.demo.TestNGDemo1" name="demoTest12" time="0.001"/>
  <testcase classname="com.testng.demo.TestNGDemo1" name="demoTest11" time="0.008"/>
</testsuite> <!-- com.testng.demo.TestNGDemo1 -->
