<?xml version="1.0" encoding="UTF-8"?>
<!-- Generated by org.testng.reporters.JUnitReportReporter -->
<testsuite hostname="INDELNB1101" failures="0" tests="3" name="com.testng.demo.TestNGDemo2" time="0.006" errors="0" timestamp="2023-10-31T15:05:35 IST" skipped="0">
  <testcase classname="com.testng.demo.TestNGDemo2" name="demoTest23" time="0.002"/>
  <testcase classname="com.testng.demo.TestNGDemo2" name="demoTest21" time="0.001"/>
  <testcase classname="com.testng.demo.TestNGDemo2" name="demoTest22" time="0.003"/>
</testsuite> <!-- com.testng.demo.TestNGDemo2 -->
